<?xml version="1.0" encoding="UTF-8"?>
<!-- Generated by org.testng.reporters.JUnitReportReporter -->
<testsuite hostname="SwarajPatil" failures="0" tests="8" name="com.test.TC_Login_001" time="37.549" errors="0" timestamp="2025-07-13T11:21:57 IST" skipped="0">
  <testcase classname="com.test.TC_Login_001" name="login" time="5.902"/>
  <system-out/>
  <testcase classname="com.test.TC_Login_001" name="login" time="4.574"/>
  <system-out/>
  <testcase classname="com.test.TC_Login_001" name="login" time="3.880"/>
  <system-out/>
  <testcase classname="com.test.TC_Login_001" name="login" time="3.630"/>
  <system-out/>
  <testcase classname="com.test.TC_Login_001" name="login" time="4.938"/>
  <system-out/>
  <testcase classname="com.test.TC_Login_001" name="login" time="5.024"/>
  <system-out/>
  <testcase classname="com.test.TC_Login_001" name="login" time="4.687"/>
  <system-out/>
  <testcase classname="com.test.TC_Login_001" name="login" time="4.914"/>
  <system-out/>
</testsuite> <!-- com.test.TC_Login_001 -->
